Using pre-set license
Built from '2020.3/staging' branch; Version is '2020.3.23f1 (c5d91304a876) revision 12966163'; Using compiler version '192528614'; Build Type 'Release'
OS: 'Windows 10 Pro; OS build 19045.3448; Version 2009; 64bit' Language: 'ru' Physical Memory: 4033 MB
BatchMode: 1, IsHumanControllingUs: 0, StartBugReporterOnCrash: 0, Is64bit: 1, IsPro: 0

COMMAND LINE ARGUMENTS:
C:\Program Files\Unity\Hub\Editor\2020.3.23f1\Editor\Unity.exe
-adb2
-batchMode
-noUpm
-name
AssetImportWorker0
-projectPath
D:/SpiceProject2Year/UserSettings/Layouts/New Unity Project
-logFile
Logs/AssetImportWorker0.log
-srvPort
64127
Successfully changed project path to: D:/SpiceProject2Year/UserSettings/Layouts/New Unity Project
D:/SpiceProject2Year/UserSettings/Layouts/New Unity Project
Using Asset Import Pipeline V2.
Refreshing native plugins compatible for Editor in 70.99 ms, found 2 plugins.
Preloading 0 native plugins for Editor in 0.00 ms.
Initialize engine version: 2020.3.23f1 (c5d91304a876)
[Subsystems] Discovering subsystems at path C:/Program Files/Unity/Hub/Editor/2020.3.23f1/Editor/Data/Resources/UnitySubsystems
[Subsystems] Discovering subsystems at path D:/SpiceProject2Year/UserSettings/Layouts/New Unity Project/Assets
GfxDevice: creating device client; threaded=0
Direct3D:
    Version:  Direct3D 11.0 [level 11.1]
    Renderer: NVIDIA GeForce GTX 1060 3GB (ID=0x1c02)
    Vendor:   
    VRAM:     2978 MB
    Driver:   31.0.15.3623
Initialize mono
Mono path[0] = 'C:/Program Files/Unity/Hub/Editor/2020.3.23f1/Editor/Data/Managed'
Mono path[1] = 'C:/Program Files/Unity/Hub/Editor/2020.3.23f1/Editor/Data/MonoBleedingEdge/lib/mono/unityjit'
Mono config path = 'C:/Program Files/Unity/Hub/Editor/2020.3.23f1/Editor/Data/MonoBleedingEdge/etc'
Using monoOptions --debugger-agent=transport=dt_socket,embedding=1,server=y,suspend=n,address=127.0.0.1:56632
Begin MonoManager ReloadAssembly
Registering precompiled unity dll's ...
Register platform support module: C:/Program Files/Unity/Hub/Editor/2020.3.23f1/Editor/Data/PlaybackEngines/WindowsStandaloneSupport/UnityEditor.WindowsStandalone.Extensions.dll
Registered in 0.006007 seconds.
Native extension for WindowsStandalone target not found
Refreshing native plugins compatible for Editor in 34.50 ms, found 2 plugins.
Preloading 0 native plugins for Editor in 0.00 ms.
Mono: successfully reloaded assembly
- Completed reload, in  0.689 seconds
Domain Reload Profiling:
	ReloadAssembly (689ms)
		BeginReloadAssembly (71ms)
			ExecutionOrderSort (0ms)
			DisableScriptedObjects (0ms)
			BackupInstance (0ms)
			ReleaseScriptingObjects (0ms)
			CreateAndSetChildDomain (1ms)
		EndReloadAssembly (526ms)
			LoadAssemblies (68ms)
			RebuildTransferFunctionScriptingTraits (0ms)
			SetupTypeCache (173ms)
			ReleaseScriptCaches (0ms)
			RebuildScriptCaches (34ms)
			SetupLoadedEditorAssemblies (189ms)
				LogAssemblyErrors (0ms)
				InitializePlatformSupportModulesInManaged (5ms)
				SetLoadedEditorAssemblies (0ms)
				RefreshPlugins (35ms)
				BeforeProcessingInitializeOnLoad (20ms)
				ProcessInitializeOnLoadAttributes (92ms)
				ProcessInitializeOnLoadMethodAttributes (37ms)
				AfterProcessingInitializeOnLoad (0ms)
				EditorAssembliesLoaded (0ms)
			ExecutionOrderSort2 (0ms)
			AwakeInstancesAfterBackupRestoration (0ms)
Platform modules already initialized, skipping
Registering precompiled user dll's ...
Registered in 0.075074 seconds.
Begin MonoManager ReloadAssembly
Native extension for WindowsStandalone target not found
Refreshing native plugins compatible for Editor in 0.33 ms, found 2 plugins.
Preloading 0 native plugins for Editor in 0.00 ms.
Mono: successfully reloaded assembly
- Completed reload, in  1.887 seconds
Domain Reload Profiling:
	ReloadAssembly (1889ms)
		BeginReloadAssembly (426ms)
			ExecutionOrderSort (0ms)
			DisableScriptedObjects (29ms)
			BackupInstance (0ms)
			ReleaseScriptingObjects (0ms)
			CreateAndSetChildDomain (37ms)
		EndReloadAssembly (1334ms)
			LoadAssemblies (508ms)
			RebuildTransferFunctionScriptingTraits (0ms)
			SetupTypeCache (359ms)
			ReleaseScriptCaches (0ms)
			RebuildScriptCaches (51ms)
			SetupLoadedEditorAssemblies (373ms)
				LogAssemblyErrors (0ms)
				InitializePlatformSupportModulesInManaged (5ms)
				SetLoadedEditorAssemblies (1ms)
				RefreshPlugins (0ms)
				BeforeProcessingInitializeOnLoad (88ms)
				ProcessInitializeOnLoadAttributes (253ms)
				ProcessInitializeOnLoadMethodAttributes (16ms)
				AfterProcessingInitializeOnLoad (9ms)
				EditorAssembliesLoaded (0ms)
			ExecutionOrderSort2 (0ms)
			AwakeInstancesAfterBackupRestoration (7ms)
Platform modules already initialized, skipping
========================================================================
Worker process is ready to serve import requests
Launched and connected shader compiler UnityShaderCompiler.exe after 0.10 seconds
Refreshing native plugins compatible for Editor in 0.38 ms, found 2 plugins.
Preloading 0 native plugins for Editor in 0.00 ms.
Unloading 1498 Unused Serialized files (Serialized files now loaded: 0)
System memory in use before: 67.4 MB.
System memory in use after: 67.5 MB.

Unloading 19 unused Assets to reduce memory usage. Loaded Objects now: 1930.
Total: 6.338700 ms (FindLiveObjects: 0.212100 ms CreateObjectMapping: 0.063800 ms MarkObjects: 5.972900 ms  DeleteObjects: 0.088000 ms)

AssetImportParameters requested are different than current active one (requested -> active):
  custom:framework-win-MediaFoundation: 216162199b28c13a410421893ffa2e32 -> 
  custom:video-decoder-ogg-theora: a1e56fd34408186e4bbccfd4996cb3dc -> 
  custom:container-muxer-webm: aa71ff27fc2769a1b78a27578f13a17b -> 
  custom:container-demuxer-webm: 4f35f7cbe854078d1ac9338744f61a02 -> 
  custom:container-demuxer-ogg: 62fdf1f143b41e24485cea50d1cbac27 -> 
  custom:video-encoder-webm-vp8: eb34c28f22e8b96e1ab97ce403110664 -> 
  custom:video-decoder-webm-vp8: 9c59270c3fd7afecdb556c50c9e8de78 -> 
  custom:audio-decoder-ogg-vorbis: bf7c407c2cedff20999df2af8eb42d56 -> 
  custom:audio-encoder-webm-vorbis: bf7c407c2cedff20999df2af8eb42d56 -> 
========================================================================
Received Import Request.
  path: Assets/makarov-pistol/source
  artifactKey: Guid(27a9b7c9c642ae949bb6da7ca131ecfd) Importer(815301076,1909f56bfc062723c751e8b465ee728b)
Start importing Assets/makarov-pistol/source using Guid(27a9b7c9c642ae949bb6da7ca131ecfd) Importer(815301076,1909f56bfc062723c751e8b465ee728b)  -> (artifact id: '22dc84f1d048e761675f63bcd6465009') in 0.008568 seconds 
  Import took 0.035219 seconds .

========================================================================
Received Import Request.
  Time since last request: 0.000637 seconds.
  path: Assets/makarov-pistol
  artifactKey: Guid(c8e9dc7c63334f740a51584d04fee63b) Importer(815301076,1909f56bfc062723c751e8b465ee728b)
Start importing Assets/makarov-pistol using Guid(c8e9dc7c63334f740a51584d04fee63b) Importer(815301076,1909f56bfc062723c751e8b465ee728b)  -> (artifact id: 'd8acfc704388e563e2ea14f8fd5f0beb') in 0.004372 seconds 
  Import took 0.008331 seconds .

========================================================================
Received Import Request.
  Time since last request: 2.098524 seconds.
  path: Assets/makarov-pistol/source/exp_render2.fbx
  artifactKey: Guid(8f91894a4ee725a4eb7f5ed9c35e65e9) Importer(815301076,1909f56bfc062723c751e8b465ee728b)
Start importing Assets/makarov-pistol/source/exp_render2.fbx using Guid(8f91894a4ee725a4eb7f5ed9c35e65e9) Importer(815301076,1909f56bfc062723c751e8b465ee728b)  -> (artifact id: '3808a8401049563fcf580af0e700540c') in 1.372642 seconds 
  Import took 1.376513 seconds .

========================================================================
Received Import Request.
  Time since last request: 5.739505 seconds.
  path: Assets/makarov-pistol/textures/Albedo_Frame.png
  artifactKey: Guid(e1cbdab3ca9c5bd47bf00092debd9b6a) Importer(815301076,1909f56bfc062723c751e8b465ee728b)
Start importing Assets/makarov-pistol/textures/Albedo_Frame.png using Guid(e1cbdab3ca9c5bd47bf00092debd9b6a) Importer(815301076,1909f56bfc062723c751e8b465ee728b)  -> (artifact id: 'b0c8f41652568a6b4aa39fd58de2487c') in 0.093805 seconds 
  Import took 0.104427 seconds .

========================================================================
Received Import Request.
  Time since last request: 0.000387 seconds.
  path: Assets/makarov-pistol/textures/Rough_Frame.png
  artifactKey: Guid(a8d8dbad66adc7e4c850542abe9b687a) Importer(815301076,1909f56bfc062723c751e8b465ee728b)
Start importing Assets/makarov-pistol/textures/Rough_Frame.png using Guid(a8d8dbad66adc7e4c850542abe9b687a) Importer(815301076,1909f56bfc062723c751e8b465ee728b)  -> (artifact id: 'a3dab74e0538abd6209e570a69a7b5b3') in 0.018408 seconds 
  Import took 0.020973 seconds .

========================================================================
Received Import Request.
  Time since last request: 0.000425 seconds.
  path: Assets/makarov-pistol/textures/Normal_Frame.png
  artifactKey: Guid(ca9dbde226009fd479f54da6785b5e38) Importer(815301076,1909f56bfc062723c751e8b465ee728b)
Start importing Assets/makarov-pistol/textures/Normal_Frame.png using Guid(ca9dbde226009fd479f54da6785b5e38) Importer(815301076,1909f56bfc062723c751e8b465ee728b)  -> (artifact id: '0dfa3009d608cd04cdcd050079ae712a') in 0.016432 seconds 
  Import took 0.019265 seconds .

========================================================================
Received Import Request.
  Time since last request: 0.000385 seconds.
  path: Assets/makarov-pistol/textures/Slide_Metallic.png
  artifactKey: Guid(5acd0a32521b10349990e2a8382a76c0) Importer(815301076,1909f56bfc062723c751e8b465ee728b)
Start importing Assets/makarov-pistol/textures/Slide_Metallic.png using Guid(5acd0a32521b10349990e2a8382a76c0) Importer(815301076,1909f56bfc062723c751e8b465ee728b)  -> (artifact id: '967d9d41b0b4d0fc1a49ccffccfd93e6') in 0.015620 seconds 
  Import took 0.018999 seconds .

========================================================================
Received Import Request.
  Time since last request: 0.000292 seconds.
  path: Assets/makarov-pistol/textures/Slide_Roughness.png
  artifactKey: Guid(8268b7a0e1cb13b4690ccf425e522e69) Importer(815301076,1909f56bfc062723c751e8b465ee728b)
Start importing Assets/makarov-pistol/textures/Slide_Roughness.png using Guid(8268b7a0e1cb13b4690ccf425e522e69) Importer(815301076,1909f56bfc062723c751e8b465ee728b)  -> (artifact id: 'b5d0c765603a3e4816441c9004a87d96') in 0.015255 seconds 
  Import took 0.017810 seconds .

========================================================================
Received Import Request.
  Time since last request: 0.000424 seconds.
  path: Assets/makarov-pistol/textures/Slide_Albedo.png
  artifactKey: Guid(0fbe315face9b1b4784ffc7a116312fb) Importer(815301076,1909f56bfc062723c751e8b465ee728b)
Start importing Assets/makarov-pistol/textures/Slide_Albedo.png using Guid(0fbe315face9b1b4784ffc7a116312fb) Importer(815301076,1909f56bfc062723c751e8b465ee728b)  -> (artifact id: '444a9c9c1f81c45dd8232d7bddd014b7') in 0.015540 seconds 
  Import took 0.018173 seconds .

========================================================================
Received Import Request.
  Time since last request: 0.000280 seconds.
  path: Assets/makarov-pistol/textures/Metallic_Frame.png
  artifactKey: Guid(2b801377abec8614d848fdb2fad61bc0) Importer(815301076,1909f56bfc062723c751e8b465ee728b)
Start importing Assets/makarov-pistol/textures/Metallic_Frame.png using Guid(2b801377abec8614d848fdb2fad61bc0) Importer(815301076,1909f56bfc062723c751e8b465ee728b)  -> (artifact id: 'd24e9da40cdf038714604412ba5acc8a') in 0.014809 seconds 
  Import took 0.018117 seconds .

========================================================================
Received Import Request.
  Time since last request: 0.000296 seconds.
  path: Assets/makarov-pistol/textures/Slide_Normal.png
  artifactKey: Guid(4679cb42998406f49a19de9750e3a5ba) Importer(815301076,1909f56bfc062723c751e8b465ee728b)
Start importing Assets/makarov-pistol/textures/Slide_Normal.png using Guid(4679cb42998406f49a19de9750e3a5ba) Importer(815301076,1909f56bfc062723c751e8b465ee728b)  -> (artifact id: '284d1c4a305844854c6ee4f5df4f6923') in 0.015404 seconds 
  Import took 0.017891 seconds .

AssetImportWorkerClient::OnTransportError - code=2 error=End of file
